android/app/build/intermediates/manifest_merge_blame_file/debug/manifest-merger-blame-debug-report.txt
1<?xml version="1.0" encoding="utf-8"?>
2<manifest xmlns:android="http://schemas.android.com/apk/res/android"
3    package="com.coachpro.app.debug"
4    android:versionCode="1"
5    android:versionName="1.0.0" >
6
7    <uses-sdk
8        android:minSdkVersion="24"
9        android:targetSdkVersion="34" />
10
11    <!-- Permissions Matérielles & Réseau -->
12    <uses-permission android:name="android.permission.INTERNET" />
12-->src/main/AndroidManifest.xml:7:5-67
12-->src/main/AndroidManifest.xml:7:22-64
13    <uses-permission android:name="android.permission.ACCESS_NETWORK_STATE" />
13-->src/main/AndroidManifest.xml:8:5-79
13-->src/main/AndroidManifest.xml:8:22-76
14    <uses-permission android:name="android.permission.CAMERA" />
14-->src/main/AndroidManifest.xml:9:5-65
14-->src/main/AndroidManifest.xml:9:22-62
15
16    <!-- Permissions Bluetooth pour Imprimante Thermique (Sans géolocalisation invasive) -->
17    <uses-permission
17-->src/main/AndroidManifest.xml:12:5-95
18        android:name="android.permission.BLUETOOTH"
18-->src/main/AndroidManifest.xml:12:22-65
19        android:maxSdkVersion="30" />
19-->src/main/AndroidManifest.xml:12:66-92
20    <uses-permission
20-->src/main/AndroidManifest.xml:13:5-101
21        android:name="android.permission.BLUETOOTH_ADMIN"
21-->src/main/AndroidManifest.xml:13:22-71
22        android:maxSdkVersion="30" />
22-->src/main/AndroidManifest.xml:13:72-98
23    <uses-permission android:name="android.permission.BLUETOOTH_CONNECT" />
23-->src/main/AndroidManifest.xml:14:5-76
23-->src/main/AndroidManifest.xml:14:22-73
24    <uses-permission
24-->src/main/AndroidManifest.xml:15:5-17:45
25        android:name="android.permission.BLUETOOTH_SCAN"
25-->src/main/AndroidManifest.xml:15:22-70
26        android:usesPermissionFlags="neverForLocation" />
26-->src/main/AndroidManifest.xml:16:22-68
27
28    <uses-feature
28-->src/main/AndroidManifest.xml:19:5-85
29        android:name="android.hardware.camera"
29-->src/main/AndroidManifest.xml:19:19-57
30        android:required="false" />
30-->src/main/AndroidManifest.xml:19:58-82
31    <uses-feature
31-->src/main/AndroidManifest.xml:20:5-95
32        android:name="android.hardware.camera.autofocus"
32-->src/main/AndroidManifest.xml:20:19-67
33        android:required="false" />
33-->src/main/AndroidManifest.xml:20:68-92
34    <uses-feature
34-->src/main/AndroidManifest.xml:21:5-88
35        android:name="android.hardware.bluetooth"
35-->src/main/AndroidManifest.xml:21:19-60
36        android:required="false" />
36-->src/main/AndroidManifest.xml:21:61-85
37
38    <permission
38-->[androidx.core:core:1.12.0] AndroidManifest.xml:22:5-24:47
39        android:name="com.coachpro.app.debug.DYNAMIC_RECEIVER_NOT_EXPORTED_PERMISSION"
39-->[androidx.core:core:1.12.0] AndroidManifest.xml:23:9-81
40        android:protectionLevel="signature" />
40-->[androidx.core:core:1.12.0] AndroidManifest.xml:24:9-44
41
42    <uses-permission android:name="com.coachpro.app.debug.DYNAMIC_RECEIVER_NOT_EXPORTED_PERMISSION" />
42-->[androidx.core:core:1.12.0] AndroidManifest.xml:26:5-97
42-->[androidx.core:core:1.12.0] AndroidManifest.xml:26:22-94
43
44    <application
44-->src/main/AndroidManifest.xml:23:5-47:19
45        android:allowBackup="true"
45-->src/main/AndroidManifest.xml:24:9-35
46        android:appComponentFactory="androidx.core.app.CoreComponentFactory"
46-->[androidx.core:core:1.12.0] AndroidManifest.xml:28:18-86
47        android:dataExtractionRules="@xml/data_extraction_rules"
47-->src/main/AndroidManifest.xml:25:9-65
48        android:debuggable="true"
49        android:extractNativeLibs="false"
50        android:fullBackupContent="@xml/backup_rules"
50-->src/main/AndroidManifest.xml:26:9-54
51        android:hardwareAccelerated="true"
51-->src/main/AndroidManifest.xml:32:9-43
52        android:icon="@mipmap/ic_launcher"
52-->src/main/AndroidManifest.xml:27:9-43
53        android:label="@string/app_name"
53-->src/main/AndroidManifest.xml:28:9-41
54        android:roundIcon="@mipmap/ic_launcher"
54-->src/main/AndroidManifest.xml:29:9-48
55        android:supportsRtl="true"
55-->src/main/AndroidManifest.xml:30:9-35
56        android:theme="@style/Theme.CoachPro"
56-->src/main/AndroidManifest.xml:31:9-46
57        android:usesCleartextTraffic="true" >
57-->src/main/AndroidManifest.xml:33:9-44
58        <activity
58-->src/main/AndroidManifest.xml:36:9-46:20
59            android:name="com.coachpro.app.MainActivity"
59-->src/main/AndroidManifest.xml:37:13-41
60            android:configChanges="orientation|screenSize|keyboardHidden|screenLayout|density"
60-->src/main/AndroidManifest.xml:39:13-95
61            android:exported="true"
61-->src/main/AndroidManifest.xml:38:13-36
62            android:theme="@style/Theme.CoachPro"
62-->src/main/AndroidManifest.xml:41:13-50
63            android:windowSoftInputMode="adjustResize" >
63-->src/main/AndroidManifest.xml:40:13-55
64            <intent-filter>
64-->src/main/AndroidManifest.xml:42:13-45:29
65                <action android:name="android.intent.action.MAIN" />
65-->src/main/AndroidManifest.xml:43:17-69
65-->src/main/AndroidManifest.xml:43:25-66
66
67                <category android:name="android.intent.category.LAUNCHER" />
67-->src/main/AndroidManifest.xml:44:17-77
67-->src/main/AndroidManifest.xml:44:27-74
68            </intent-filter>
69        </activity>
70
71        <provider
71-->[androidx.emoji2:emoji2:1.2.0] AndroidManifest.xml:24:9-32:20
72            android:name="androidx.startup.InitializationProvider"
72-->[androidx.emoji2:emoji2:1.2.0] AndroidManifest.xml:25:13-67
73            android:authorities="com.coachpro.app.debug.androidx-startup"
73-->[androidx.emoji2:emoji2:1.2.0] AndroidManifest.xml:26:13-68
74            android:exported="false" >
74-->[androidx.emoji2:emoji2:1.2.0] AndroidManifest.xml:27:13-37
75            <meta-data
75-->[androidx.emoji2:emoji2:1.2.0] AndroidManifest.xml:29:13-31:52
76                android:name="androidx.emoji2.text.EmojiCompatInitializer"
76-->[androidx.emoji2:emoji2:1.2.0] AndroidManifest.xml:30:17-75
77                android:value="androidx.startup" />
77-->[androidx.emoji2:emoji2:1.2.0] AndroidManifest.xml:31:17-49
78            <meta-data
78-->[androidx.lifecycle:lifecycle-process:2.6.1] AndroidManifest.xml:29:13-31:52
79                android:name="androidx.lifecycle.ProcessLifecycleInitializer"
79-->[androidx.lifecycle:lifecycle-process:2.6.1] AndroidManifest.xml:30:17-78
80                android:value="androidx.startup" />
80-->[androidx.lifecycle:lifecycle-process:2.6.1] AndroidManifest.xml:31:17-49
81            <meta-data
81-->[androidx.profileinstaller:profileinstaller:1.3.0] AndroidManifest.xml:29:13-31:52
82                android:name="androidx.profileinstaller.ProfileInstallerInitializer"
82-->[androidx.profileinstaller:profileinstaller:1.3.0] AndroidManifest.xml:30:17-85
83                android:value="androidx.startup" />
83-->[androidx.profileinstaller:profileinstaller:1.3.0] AndroidManifest.xml:31:17-49
84        </provider>
85
86        <receiver
86-->[androidx.profileinstaller:profileinstaller:1.3.0] AndroidManifest.xml:34:9-52:20
87            android:name="androidx.profileinstaller.ProfileInstallReceiver"
87-->[androidx.profileinstaller:profileinstaller:1.3.0] AndroidManifest.xml:35:13-76
88            android:directBootAware="false"
88-->[androidx.profileinstaller:profileinstaller:1.3.0] AndroidManifest.xml:36:13-44
89            android:enabled="true"
89-->[androidx.profileinstaller:profileinstaller:1.3.0] AndroidManifest.xml:37:13-35
90            android:exported="true"
90-->[androidx.profileinstaller:profileinstaller:1.3.0] AndroidManifest.xml:38:13-36
91            android:permission="android.permission.DUMP" >
91-->[androidx.profileinstaller:profileinstaller:1.3.0] AndroidManifest.xml:39:13-57
92            <intent-filter>
92-->[androidx.profileinstaller:profileinstaller:1.3.0] AndroidManifest.xml:40:13-42:29
93                <action android:name="androidx.profileinstaller.action.INSTALL_PROFILE" />
93-->[androidx.profileinstaller:profileinstaller:1.3.0] AndroidManifest.xml:41:17-91
93-->[androidx.profileinstaller:profileinstaller:1.3.0] AndroidManifest.xml:41:25-88
94            </intent-filter>
95            <intent-filter>
95-->[androidx.profileinstaller:profileinstaller:1.3.0] AndroidManifest.xml:43:13-45:29
96                <action android:name="androidx.profileinstaller.action.SKIP_FILE" />
96-->[androidx.profileinstaller:profileinstaller:1.3.0] AndroidManifest.xml:44:17-85
96-->[androidx.profileinstaller:profileinstaller:1.3.0] AndroidManifest.xml:44:25-82
97            </intent-filter>
98            <intent-filter>
98-->[androidx.profileinstaller:profileinstaller:1.3.0] AndroidManifest.xml:46:13-48:29
99                <action android:name="androidx.profileinstaller.action.SAVE_PROFILE" />
99-->[androidx.profileinstaller:profileinstaller:1.3.0] AndroidManifest.xml:47:17-88
99-->[androidx.profileinstaller:profileinstaller:1.3.0] AndroidManifest.xml:47:25-85
100            </intent-filter>
101            <intent-filter>
101-->[androidx.profileinstaller:profileinstaller:1.3.0] AndroidManifest.xml:49:13-51:29
102                <action android:name="androidx.profileinstaller.action.BENCHMARK_OPERATION" />
102-->[androidx.profileinstaller:profileinstaller:1.3.0] AndroidManifest.xml:50:17-95
102-->[androidx.profileinstaller:profileinstaller:1.3.0] AndroidManifest.xml:50:25-92
103            </intent-filter>
104        </receiver>
105    </application>
106
107</manifest>